warning: Prueba de log level warning!
warning: Prueba de log level warning!
warning: Prueba de log level warning!
warning: Prueba de log level warning!
warning: Prueba de log level warning!
warning: Prueba de log level warning!
warning: Prueba de log level warning!
warning: Prueba de log level warning!
warning: Prueba de log level warning!
warning: Prueba de log level warning!
warning: Prueba de log level warning!
warning: Prueba de log level warning!
warning: Prueba de log level warning!
warning: Prueba de log level warning!
warning: Prueba de log level warning!
warning: Prueba de log level warning!
warning: Prueba de log level warning!
warning: Prueba de log level warning!
fatal: Prueba de log level warning!
warning: Prueba de log level warning!
warning: Prueba de log level warning!
warning: Prueba de log level warning!
warning: Prueba de log level warning!
warning: Prueba de log level warning!
[2023-06-24T15:04:35.025Z] [33mwarning[39m Prueba de log level warning! 
[2023-06-24T15:38:20.858Z] [33mwarning[39m Prueba de log level 
[2023-06-24T15:39:07.005Z] [33mwarning[39m GET en /users - at 24/6/2023 - 09:39:07 
[2023-06-24T15:39:12.414Z] [33mwarning[39m GET en /menu/logger/ - at 24/6/2023 - 09:39:12 
[2023-06-24T15:39:12.432Z] [33mwarning[39m Prueba de log level 
[2023-06-24T15:39:16.081Z] [33mwarning[39m GET en /users - at 24/6/2023 - 09:39:16 
[2023-06-24T15:39:29.630Z] [33mwarning[39m GET en /products/realTimeProducts/ - at 24/6/2023 - 09:39:29 
[2023-06-24T15:39:32.059Z] [33mwarning[39m GET en /users - at 24/6/2023 - 09:39:32 
[2023-06-24T15:39:34.194Z] [33mwarning[39m GET en /menu/logger/ - at 24/6/2023 - 09:39:34 
[2023-06-24T15:39:34.210Z] [33mwarning[39m Prueba de log level 
[2023-06-24T15:39:36.896Z] [33mwarning[39m GET en /users - at 24/6/2023 - 09:39:36 
[2023-06-24T15:39:38.490Z] [33mwarning[39m GET en /users - at 24/6/2023 - 09:39:38 
[2023-06-24T15:39:41.625Z] [33mwarning[39m GET en /users/logout - at 24/6/2023 - 09:39:41 
[2023-06-24T15:39:41.811Z] [33mwarning[39m GET en /users/login - at 24/6/2023 - 09:39:41 
[2023-06-24T15:39:41.865Z] [33mwarning[39m GET en /js/loginjwt.js - at 24/6/2023 - 09:39:41 
[2023-06-24T15:39:45.285Z] [33mwarning[39m POST en /api/jwt/current - at 24/6/2023 - 09:39:45 
[2023-06-24T15:39:45.424Z] [33mwarning[39m GET en /users - at 24/6/2023 - 09:39:45 
[2023-06-24T15:39:50.773Z] [33mwarning[39m GET en /menu/logger/ - at 24/6/2023 - 09:39:50 
[2023-06-24T15:39:50.788Z] [33mwarning[39m Prueba de log level 
[2023-06-24T15:39:59.543Z] [33mwarning[39m GET en /users - at 24/6/2023 - 09:39:59 
[2023-06-24T15:40:10.275Z] [33mwarning[39m GET en /menu/logger/ - at 24/6/2023 - 09:40:10 
[2023-06-24T15:40:10.290Z] [33mwarning[39m Prueba de log level 
[2023-06-24T15:40:23.251Z] [33mwarning[39m GET en /users - at 24/6/2023 - 09:40:23 
[2023-06-24T15:44:14.735Z] [33mwarning[39m GET en /menu/logger/ - at 24/6/2023 - 09:44:14 
[2023-06-24T15:44:14.766Z] [33mwarning[39m Prueba de log level 
[2023-06-24T15:44:17.472Z] [33mwarning[39m GET en /users - at 24/6/2023 - 09:44:17 
[2023-06-24T15:46:05.799Z] [33mwarning[39m GET en /menu/logger/ - at 24/6/2023 - 09:46:05 
[2023-06-24T15:46:05.833Z] [33mwarning[39m Prueba de log level 
[2023-06-24T15:46:12.822Z] [33mwarning[39m GET en /users - at 24/6/2023 - 09:46:12 
[2023-06-24T15:46:29.338Z] [33mwarning[39m GET en /users/logout - at 24/6/2023 - 09:46:29 
[2023-06-24T15:46:29.615Z] [33mwarning[39m GET en /users/login - at 24/6/2023 - 09:46:29 
[2023-06-24T15:46:29.702Z] [33mwarning[39m GET en /js/loginjwt.js - at 24/6/2023 - 09:46:29 
undefined en undefined - at 24/6/2023 - 09:49:30
undefined en undefined - at 24/6/2023 - 09:49:30
undefined en undefined - at 24/6/2023 - 09:49:35
undefined en undefined - at 24/6/2023 - 09:49:35
undefined en undefined - at 24/6/2023 - 09:49:38
undefined en undefined - at 24/6/2023 - 09:49:54
[2023-06-24T15:51:26.865Z] [33mwarning[39m GET en /menu/logger/ - at 24/6/2023 - 09:51:26 
[2023-06-24T15:51:26.890Z] [33mwarning[39m Prueba de log level 
[2023-06-24T15:51:29.880Z] [33mwarning[39m GET en /users - at 24/6/2023 - 09:51:29 
-  [33mwarning[39m GET en /menu/logger/ - at 24/6/2023 - 09:53:46 - at 24/6/2023 - 09:53:46 
-  [33mwarning[39m Prueba de log level - at 24/6/2023 - 09:53:46 
-  [33mwarning[39m GET en /users - at 24/6/2023 - 09:54:20 - at 24/6/2023 - 09:54:20 
-  [33mwarning[39m GET en /products/mockingProducts/ - at 24/6/2023 - 09:54:33 - at 24/6/2023 - 09:54:33 
-  [33mwarning[39m GET en /users - at 24/6/2023 - 09:54:58 - at 24/6/2023 - 09:54:58 
-  [33mwarning[39m GET en /users/logout - at 24/6/2023 - 09:55:00 - at 24/6/2023 - 09:55:00 
-  [33mwarning[39m GET en /users/login - at 24/6/2023 - 09:55:00 - at 24/6/2023 - 09:55:00 
-  [33mwarning[39m GET en /js/loginjwt.js - at 24/6/2023 - 09:55:00 - at 24/6/2023 - 09:55:00 
[24/6/2023-09:58:00] - [33mwarning[39m POST en /api/jwt/current - at 24/6/2023 - 09:58:00
[24/6/2023-09:58:00] - [33mwarning[39m GET en /users - at 24/6/2023 - 09:58:00
[24/6/2023-09:58:02] - [33mwarning[39m GET en /menu/logger/ - at 24/6/2023 - 09:58:02
[24/6/2023-09:58:02] - [33mwarning[39m Prueba de log level
[24/6/2023-09:58:22] - [33mwarning[39m GET en /users - at 24/6/2023 - 09:58:22
[24/6/2023-09:58:33] - [33mwarning[39m GET en /users/logout - at 24/6/2023 - 09:58:33
[24/6/2023-09:58:33] - [33mwarning[39m GET en /users/login - at 24/6/2023 - 09:58:33
[24/6/2023-09:58:33] - [33mwarning[39m GET en /js/loginjwt.js - at 24/6/2023 - 09:58:33
[24/6/2023-09:59:43] - Prueba de log level
[24/6/2023-10:01:05] - Prueba de log level
[24/6/2023-10:11:42] - Prueba de log level
[24/6/2023-10:12:59] - Prueba de log level
[24/6/2023-10:15:21] -  Prueba Logger test : info - GET /logger/. 
[24/6/2023-10:17:26] -  Prueba Logger test : level: info - method: GET url: /logger/. 
[24/6/2023-10:23:29] -  Prueba Logger test : level: info - method: GET url: /logger/. 
[24/6/2023-10:24:10] -  Prueba Logger test : level: info - method: GET url: /logger/. 
[24/6/2023-10:31:34] -  Prueba Logger test : level: info - method: GET url: /logger/. 
[24/6/2023-10:32:12] -  Prueba Logger test : level: info - method: GET url: /logger/. 
[24/6/2023-10:44:19] - POST en /api/jwt/current - at 24/6/2023 - 10:44:19
[24/6/2023-10:44:19] - GET en /users - at 24/6/2023 - 10:44:19
[24/6/2023-10:44:22] - GET en /products/realTimeProducts/ - at 24/6/2023 - 10:44:22
[24/6/2023-10:44:31] - GET en /users - at 24/6/2023 - 10:44:31
[24/6/2023-10:44:34] - GET en /menu/logger/ - at 24/6/2023 - 10:44:34
[24/6/2023-10:44:39] - GET en /users - at 24/6/2023 - 10:44:39
[24/6/2023-10:45:05] - GET en /menu/logger/ - at 24/6/2023 - 10:45:05
[24/6/2023-10:45:13] - GET en /users - at 24/6/2023 - 10:45:13
[24/6/2023-10:45:18] - GET en /products/realTimeCarts/ - at 24/6/2023 - 10:45:18
[24/6/2023-10:45:23] - POST en /products/realTimeCarts/purchase - at 24/6/2023 - 10:45:23
[24/6/2023-10:45:23] - GET en /products/realTimeCarts/ - at 24/6/2023 - 10:45:23
[24/6/2023-10:45:31] - POST en /products/realTimeCarts/add - at 24/6/2023 - 10:45:31
[24/6/2023-10:45:31] - GET en /products/realTimeCarts/ - at 24/6/2023 - 10:45:31
[24/6/2023-10:45:37] - POST en /products/realTimeCarts/add - at 24/6/2023 - 10:45:37
[24/6/2023-10:45:38] - GET en /products/realTimeCarts/ - at 24/6/2023 - 10:45:38
[24/6/2023-10:45:43] - POST en /products/realTimeCarts/purchase - at 24/6/2023 - 10:45:43
[24/6/2023-10:45:43] - GET en /products/realTimeCarts/ - at 24/6/2023 - 10:45:43
[24/6/2023-10:46:03] - GET en /users - at 24/6/2023 - 10:46:03
[24/6/2023-10:46:07] - GET en /menu/logger/ - at 24/6/2023 - 10:46:07
[24/6/2023-10:46:14] - GET en /users/logout - at 24/6/2023 - 10:46:14
[24/6/2023-10:46:14] - GET en /users/login - at 24/6/2023 - 10:46:14
[24/6/2023-10:46:14] - GET en /js/loginjwt.js - at 24/6/2023 - 10:46:14
[24/6/2023-10:49:22] - Midleware Level: info POST en /api/jwt/current - at 24/6/2023 - 10:49:22
[24/6/2023-10:49:23] - Midleware Level: info GET en /users - at 24/6/2023 - 10:49:23
[24/6/2023-10:49:26] - Midleware Level: info GET en /menu/logger/ - at 24/6/2023 - 10:49:26
[24/6/2023-10:49:27] - Midleware Level: info GET en /users - at 24/6/2023 - 10:49:27
[24/6/2023-10:49:29] - Midleware Level: info GET en /products/realTimeProducts/ - at 24/6/2023 - 10:49:29
[24/6/2023-10:49:31] - Midleware Level: info GET en /users - at 24/6/2023 - 10:49:31
[24/6/2023-10:49:55] - Midleware Level: info GET en /menu/logger/ - at 24/6/2023 - 10:49:55
[24/6/2023-11:40:41] - Midleware Level: info GET en / - at 24/6/2023 - 11:40:41
[24/6/2023-11:40:41] - Midleware Level: info GET en /login - at 24/6/2023 - 11:40:41
[24/6/2023-11:40:41] - Midleware Level: info GET en /js/loginjwt.js - at 24/6/2023 - 11:40:41
[24/6/2023-11:41:47] - Midleware Level: info GET en / - at 24/6/2023 - 11:41:47
[24/6/2023-11:41:47] - Midleware Level: info GET en /login - at 24/6/2023 - 11:41:47
[24/6/2023-11:41:48] - Midleware Level: info GET en /js/loginjwt.js - at 24/6/2023 - 11:41:48
[24/6/2023-11:41:52] - Midleware Level: info POST en /api/jwt/current - at 24/6/2023 - 11:41:52
[24/6/2023-11:41:52] - Midleware Level: info GET en /users - at 24/6/2023 - 11:41:52
[24/6/2023-11:41:54] - Midleware Level: info GET en /menu/logger/ - at 24/6/2023 - 11:41:54
[24/6/2023-11:41:56] - Midleware Level: info GET en /users - at 24/6/2023 - 11:41:56
[24/6/2023-11:42:40] - Midleware Level: info GET en /menu/logger/ - at 24/6/2023 - 11:42:40
[24/6/2023-11:42:46] - Midleware Level: info GET en /users - at 24/6/2023 - 11:42:46
[24/6/2023-11:43:26] - Midleware Level: info GET en /menu/logger/ - at 24/6/2023 - 11:43:26
[24/6/2023-11:43:28] - Midleware Level: info GET en /users - at 24/6/2023 - 11:43:28
[24/6/2023-11:44:48] - Midleware Level: info GET en /menu/logger/ - at 24/6/2023 - 11:44:48
[24/6/2023-11:44:50] - Midleware Level: info GET en /users - at 24/6/2023 - 11:44:50
[24/6/2023-11:45:00] - Midleware Level: info GET en /users - at 24/6/2023 - 11:45:00
[24/6/2023-11:45:06] - Midleware Level: info GET en /api/tickets/show - at 24/6/2023 - 11:45:06
[24/6/2023-11:45:10] - Midleware Level: info GET en /users - at 24/6/2023 - 11:45:10
[24/6/2023-11:46:17] - Midleware Level: info GET en /menu/logger/ - at 24/6/2023 - 11:46:17
[24/6/2023-11:46:17] -  Prueba EndPoint Logger test : level: info - method: GET url: /logger/. 
[24/6/2023-11:46:19] - Midleware Level: info GET en /users - at 24/6/2023 - 11:46:19
[24/6/2023-11:47:58] - Midleware Level: info GET en /products/mockingProducts/ - at 24/6/2023 - 11:47:58
[24/6/2023-11:48:00] - Midleware Level: info GET en /users - at 24/6/2023 - 11:48:00
[24/6/2023-11:48:08] - Midleware Level: info GET en /menu/logger/ - at 24/6/2023 - 11:48:08
[24/6/2023-11:48:08] -  Prueba EndPoint Logger test : level: info - method: GET url: /logger/. 
[24/6/2023-11:48:17] - Midleware Level: info GET en /users - at 24/6/2023 - 11:48:17
[24/6/2023-11:48:21] - Midleware Level: info GET en /api/tickets/show - at 24/6/2023 - 11:48:21
[24/6/2023-11:48:31] - Midleware Level: info GET en /users - at 24/6/2023 - 11:48:31
[24/6/2023-11:48:32] - Midleware Level: info GET en /users/logout - at 24/6/2023 - 11:48:32
[24/6/2023-11:48:33] - Midleware Level: info GET en /users/login - at 24/6/2023 - 11:48:33
[24/6/2023-11:48:33] - Midleware Level: info GET en /js/loginjwt.js - at 24/6/2023 - 11:48:33
[24/6/2023-11:56:18] - Midleware Level: info POST en /api/jwt/current - at 24/6/2023 - 11:56:18
[24/6/2023-11:56:18] - Midleware Level: info GET en /users - at 24/6/2023 - 11:56:18
[24/6/2023-11:56:22] - Midleware Level: info GET en /menu/logger/ - at 24/6/2023 - 11:56:22
[24/6/2023-11:56:22] -  Prueba EndPoint Logger test : level: info - method: GET url: /logger/. 
[24/6/2023-12:13:44] - Midleware Level: info GET en /users/logout - at 24/6/2023 - 12:13:44
[24/6/2023-12:13:44] - Midleware Level: info GET en /users/login - at 24/6/2023 - 12:13:44
[24/6/2023-12:13:44] - Midleware Level: info GET en /js/loginjwt.js - at 24/6/2023 - 12:13:44
[24/6/2023-12:13:49] - Midleware Level: info GET en /users/login - at 24/6/2023 - 12:13:49
[24/6/2023-12:13:49] - Midleware Level: info GET en /js/loginjwt.js - at 24/6/2023 - 12:13:49
[24/6/2023-12:13:49] - Midleware Level: info GET en /favicon.ico - at 24/6/2023 - 12:13:49
[24/6/2023-12:13:53] - Midleware Level: info POST en /api/jwt/current - at 24/6/2023 - 12:13:53
[24/6/2023-12:13:53] - Midleware Level: info GET en /users - at 24/6/2023 - 12:13:53
[24/6/2023-12:13:56] - Midleware Level: info GET en /menu/logger/ - at 24/6/2023 - 12:13:56
[24/6/2023-12:13:56] - [24/6/2023-12:13:56] - Logger Info : policies: USER,ADMIN -user: USER url: /logger/. 
[24/6/2023-12:13:56] -  Prueba EndPoint Logger test : level: info - method: GET url: /logger/. 
[24/6/2023-12:13:59] - Midleware Level: info GET en /users - at 24/6/2023 - 12:13:59
[24/6/2023-12:14:05] - Midleware Level: info GET en /products/mockingProducts/ - at 24/6/2023 - 12:14:05
[24/6/2023-12:14:05] - [24/6/2023-12:14:05] - Logger Info : policies: USER,ADMIN -user: USER url: /mockingProducts/. 
[24/6/2023-12:14:07] - Midleware Level: info GET en /users - at 24/6/2023 - 12:14:07
[24/6/2023-12:14:11] - Midleware Level: info GET en /api/tickets/show - at 24/6/2023 - 12:14:11
[24/6/2023-12:14:11] - [24/6/2023-12:14:11] - Logger Info : policies: USER -user: USER url: /show. 
[24/6/2023-12:14:13] - Midleware Level: info GET en /users - at 24/6/2023 - 12:14:13
[24/6/2023-12:14:16] - Midleware Level: info GET en /users/logout - at 24/6/2023 - 12:14:16
[24/6/2023-12:14:16] - Midleware Level: info GET en /users/login - at 24/6/2023 - 12:14:16
[24/6/2023-12:14:16] - Midleware Level: info GET en /js/loginjwt.js - at 24/6/2023 - 12:14:16
[24/6/2023-12:26:44] - Midleware Level: info GET en / - at 24/6/2023 - 12:26:43
[24/6/2023-12:26:44] - Midleware Level: info GET en /login - at 24/6/2023 - 12:26:44
[24/6/2023-12:26:44] - Midleware Level: info GET en /js/loginjwt.js - at 24/6/2023 - 12:26:44
[24/6/2023-12:27:04] - Midleware Level: info POST en /api/jwt/current - at 24/6/2023 - 12:27:04
[24/6/2023-12:27:04] - Midleware Level: info GET en /users - at 24/6/2023 - 12:27:04
[24/6/2023-12:27:12] - Midleware Level: info GET en /menu/logger/ - at 24/6/2023 - 12:27:12
[24/6/2023-12:27:12] - [24/6/2023-12:27:12] - Logger Info : policies: USER,ADMIN -user: USER url: /logger/. 
[24/6/2023-12:27:12] -  Prueba EndPoint Logger test : level: info - method: GET url: /logger/. 
[24/6/2023-12:27:18] - Midleware Level: info GET en /users - at 24/6/2023 - 12:27:18
[24/6/2023-12:27:40] - Midleware Level: info GET en /users/logout - at 24/6/2023 - 12:27:40
[24/6/2023-12:27:41] - Midleware Level: info GET en /users/login - at 24/6/2023 - 12:27:41
[24/6/2023-12:27:41] - Midleware Level: info GET en /js/loginjwt.js - at 24/6/2023 - 12:27:41
[24/6/2023-12:55:48] - Midleware Level: info POST en /api/jwt/current - at 24/6/2023 - 12:55:48
[24/6/2023-12:58:28] - Midleware Level: info GET en /users/login - at 24/6/2023 - 12:58:28
[24/6/2023-12:58:28] - Midleware Level: info GET en /js/loginjwt.js - at 24/6/2023 - 12:58:28
[24/6/2023-12:58:29] - Midleware Level: info GET en /favicon.ico - at 24/6/2023 - 12:58:29
[24/6/2023-12:58:33] - Midleware Level: info POST en /api/jwt/current - at 24/6/2023 - 12:58:33
[24/6/2023-12:58:34] - Midleware Level: info GET en /users - at 24/6/2023 - 12:58:34
[24/6/2023-12:58:38] - Midleware Level: info GET en /menu/logger/ - at 24/6/2023 - 12:58:38
[24/6/2023-12:58:38] - [24/6/2023-12:58:38] - Logger Info : policies: USER,ADMIN -user: USER url: /logger/. 
[24/6/2023-12:58:38] -  Prueba EndPoint Logger test : level: info - method: GET url: /logger/. 
[24/6/2023-12:58:40] - Midleware Level: info GET en /users - at 24/6/2023 - 12:58:40
[24/6/2023-12:59:17] - Midleware Level: info GET en /users/logout - at 24/6/2023 - 12:59:17
[24/6/2023-12:59:17] - Midleware Level: info GET en /users/login - at 24/6/2023 - 12:59:17
[24/6/2023-12:59:17] - Midleware Level: info GET en /js/loginjwt.js - at 24/6/2023 - 12:59:17
[24/6/2023-13:04:10] - Midleware Level: info POST en /api/jwt/current - at 24/6/2023 - 13:04:10
[24/6/2023-13:04:10] - [24/6/2023-13:04:10] - Logger Info : Server up on PORT:  3033 
[24/6/2023-13:04:10] - Midleware Level: info GET en /users - at 24/6/2023 - 13:04:10
[24/6/2023-13:04:10] - [24/6/2023-13:04:10] - Logger Info : Server up on PORT:  3033 
[24/6/2023-13:04:16] - Midleware Level: info GET en /products/mockingProducts/ - at 24/6/2023 - 13:04:16
[24/6/2023-13:04:16] - [24/6/2023-13:04:16] - Logger Info : Server up on PORT:  3033 
[24/6/2023-13:04:16] - [24/6/2023-13:04:16] - Logger Info : policies: USER,ADMIN -user: USER url: /mockingProducts/. 
[24/6/2023-13:04:23] - Midleware Level: info GET en /users - at 24/6/2023 - 13:04:23
[24/6/2023-13:04:23] - [24/6/2023-13:04:23] - Logger Info : Server up on PORT:  3033 
[24/6/2023-13:06:54] - Midleware Level: info GET en /users - at 24/6/2023 - 13:06:54
[24/6/2023-13:06:57] - Midleware Level: info GET en /menu/logger/ - at 24/6/2023 - 13:06:57
[24/6/2023-13:06:57] - [24/6/2023-13:06:57] - Logger Info : policies: USER,ADMIN -user: USER url: /logger/. 
[24/6/2023-13:06:57] -  Prueba EndPoint Logger test : level: info - method: GET url: /logger/. 
[24/6/2023-13:06:59] - Midleware Level: info GET en /users - at 24/6/2023 - 13:06:59
[24/6/2023-13:07:03] - Midleware Level: info GET en /products/realTimeProducts/ - at 24/6/2023 - 13:07:03
[24/6/2023-13:07:03] - [24/6/2023-13:07:03] - Logger Info : policies: USER,ADMIN -user: USER url: /realTimeProducts/. 
[24/6/2023-13:07:14] - Midleware Level: info GET en /users - at 24/6/2023 - 13:07:14
[24/6/2023-13:09:48] - [24/6/2023-13:09:48] - Logger Info : policies: USER,ADMIN -user: USER url: /realTimeProducts/. 
[24/6/2023-13:09:53] - [24/6/2023-13:09:53] - Logger Info : policies: USER -user: USER url: /show. 
[24/6/2023-13:10:23] - [24/6/2023-13:10:23] - Logger Info : policies: USER,ADMIN -user: USER url: /logger/. 
[24/6/2023-13:10:23] -  Prueba EndPoint Logger test : level: info - method: GET url: /logger/. 
[24/6/2023-13:17:29] - Midleware Level: info POST en /api/jwt/current - at 24/6/2023 - 13:17:29
[24/6/2023-13:17:29] - Midleware Level: info GET en /users - at 24/6/2023 - 13:17:29
[24/6/2023-13:17:32] - Midleware Level: info GET en /menu/logger/ - at 24/6/2023 - 13:17:32
[24/6/2023-13:17:32] - [24/6/2023-13:17:32] - Logger Info : policies: USER,ADMIN -user: USER url: /logger/. 
[24/6/2023-13:17:32] -  Prueba EndPoint Logger test : level: info - method: GET url: /logger/. 
[24/6/2023-13:17:33] - Midleware Level: info GET en /users - at 24/6/2023 - 13:17:33
[24/6/2023-13:17:39] - Midleware Level: info GET en /products/mockingProducts/ - at 24/6/2023 - 13:17:39
[24/6/2023-13:17:39] - [24/6/2023-13:17:39] - Logger Info : policies: USER,ADMIN -user: USER url: /mockingProducts/. 
[24/6/2023-13:17:41] - Midleware Level: info GET en /users - at 24/6/2023 - 13:17:41
[24/6/2023-13:17:44] - Midleware Level: info GET en /users/logout - at 24/6/2023 - 13:17:44
[24/6/2023-13:17:44] - Midleware Level: info GET en /users/login - at 24/6/2023 - 13:17:44
[24/6/2023-13:17:44] - Midleware Level: info GET en /js/loginjwt.js - at 24/6/2023 - 13:17:44
[24/6/2023-15:42:14] - Midleware Level: info GET en /users - at 24/6/2023 - 15:42:14
[24/6/2023-15:42:15] - Midleware Level: info GET en /favicon.ico - at 24/6/2023 - 15:42:15
[24/6/2023-15:42:18] - Midleware Level: info GET en /menu/logger/ - at 24/6/2023 - 15:42:18
[24/6/2023-15:42:18] - [24/6/2023-15:42:18] - Logger Info : policies: USER,ADMIN -user: USER url: /logger/. 
[24/6/2023-15:42:18] -  Prueba EndPoint Logger test : level: info - method: GET url: /logger/. 
[24/6/2023-15:42:20] - Midleware Level: info GET en /users - at 24/6/2023 - 15:42:20
[24/6/2023-15:42:29] - Midleware Level: info GET en /api/tickets/show - at 24/6/2023 - 15:42:29
[24/6/2023-15:42:29] - [24/6/2023-15:42:29] - Logger Info : policies: USER -user: USER url: /show. 
[24/6/2023-15:42:32] - Midleware Level: info GET en /users - at 24/6/2023 - 15:42:32
[24/6/2023-15:42:58] - Midleware Level: info GET en /users/logout - at 24/6/2023 - 15:42:58
[24/6/2023-15:42:59] - Midleware Level: info GET en /users/login - at 24/6/2023 - 15:42:59
[24/6/2023-15:42:59] - Midleware Level: info GET en /js/loginjwt.js - at 24/6/2023 - 15:42:59
[24/6/2023-15:44:37] - Midleware Level: info POST en /api/jwt/current - at 24/6/2023 - 15:44:37
[24/6/2023-15:44:38] - Midleware Level: info GET en /users - at 24/6/2023 - 15:44:38
[24/6/2023-15:44:42] - Midleware Level: info GET en /products/realTimeProducts/ - at 24/6/2023 - 15:44:42
[24/6/2023-15:44:42] - [24/6/2023-15:44:42] - Logger Info : policies: USER,ADMIN -user: USER url: /realTimeProducts/. 
[24/6/2023-15:44:44] - Midleware Level: info GET en /users - at 24/6/2023 - 15:44:44
[24/6/2023-15:44:46] - Midleware Level: info GET en /api/tickets/show - at 24/6/2023 - 15:44:46
[24/6/2023-15:44:46] - [24/6/2023-15:44:46] - Logger Info : policies: USER -user: USER url: /show. 
[24/6/2023-15:44:47] - Midleware Level: info GET en /users - at 24/6/2023 - 15:44:47
[24/6/2023-15:47:31] - Midleware Level: info GET en /api/tickets/show - at 24/6/2023 - 15:47:31
[24/6/2023-15:47:31] - [24/6/2023-15:47:31] - Logger Info : policies: USER -user: USER url: /show. 
[24/6/2023-15:47:34] - Midleware Level: info GET en /users - at 24/6/2023 - 15:47:34
[24/6/2023-15:47:37] - Midleware Level: info GET en /api/tickets/show - at 24/6/2023 - 15:47:37
[24/6/2023-15:47:37] - [24/6/2023-15:47:37] - Logger Info : policies: USER -user: USER url: /show. 
[24/6/2023-15:47:39] - Midleware Level: info GET en /users - at 24/6/2023 - 15:47:39
[24/6/2023-15:47:41] - Midleware Level: info GET en /menu/logger/ - at 24/6/2023 - 15:47:41
[24/6/2023-15:47:41] - [24/6/2023-15:47:41] - Logger Info : policies: USER,ADMIN -user: USER url: /logger/. 
[24/6/2023-15:47:41] -  Prueba EndPoint Logger test : level: info - method: GET url: /logger/. 
[24/6/2023-15:47:43] - Midleware Level: info GET en /users - at 24/6/2023 - 15:47:43
[24/6/2023-15:47:55] - Midleware Level: info GET en /users/logout - at 24/6/2023 - 15:47:55
[24/6/2023-15:47:55] - Midleware Level: info GET en /users/login - at 24/6/2023 - 15:47:55
[24/6/2023-15:47:55] - Midleware Level: info GET en /js/loginjwt.js - at 24/6/2023 - 15:47:55
[24/6/2023-16:20:05] - Midleware file. Level: info GET en / - at 24/6/2023 - 16:20:05
[24/6/2023-16:20:05] - Midleware file. Level: info GET en /login - at 24/6/2023 - 16:20:05
[24/6/2023-16:20:05] - Midleware file. Level: info GET en /js/loginjwt.js - at 24/6/2023 - 16:20:05
[24/6/2023-16:20:09] - Midleware file. Level: info POST en /api/jwt/current - at 24/6/2023 - 16:20:09
[24/6/2023-16:20:09] - Midleware file. Level: info GET en /users - at 24/6/2023 - 16:20:09
[24/6/2023-16:20:13] - Midleware file. Level: info GET en /menu/logger/ - at 24/6/2023 - 16:20:13
[24/6/2023-16:20:13] - [24/6/2023-16:20:13] - Logger Info : policies: USER,ADMIN -user: USER url: /logger/. 
[24/6/2023-16:20:13] -  Prueba EndPoint Logger test : level: info - method: GET url: /logger/. 
[24/6/2023-16:20:14] - Midleware file. Level: info GET en /users - at 24/6/2023 - 16:20:14
[24/6/2023-16:35:25] - Midleware file. Level: info GET en / - at 24/6/2023 - 16:35:25
[24/6/2023-16:35:25] - Midleware file. Level: info GET en /login - at 24/6/2023 - 16:35:25
[24/6/2023-16:35:25] - Midleware file. Level: info GET en /js/loginjwt.js - at 24/6/2023 - 16:35:25
[24/6/2023-16:35:25] - Midleware file. Level: info GET en /favicon.ico - at 24/6/2023 - 16:35:25
[24/6/2023-16:35:38] - Midleware file. Level: info POST en /api/jwt/current - at 24/6/2023 - 16:35:38
[24/6/2023-16:35:38] - Midleware file. Level: info GET en /users - at 24/6/2023 - 16:35:38
[24/6/2023-16:35:42] - Midleware file. Level: info GET en /menu/logger/ - at 24/6/2023 - 16:35:42
[24/6/2023-16:35:42] - [24/6/2023-16:35:42] - Logger Info : policies: USER,ADMIN -user: USER url: /logger/. 
[24/6/2023-16:35:42] -  Prueba EndPoint Logger test : level: info - method: GET url: /logger/. 
[24/6/2023-16:35:43] - Midleware file. Level: info GET en /users - at 24/6/2023 - 16:35:43
[24/6/2023-16:35:47] - Midleware file. Level: info GET en /api/tickets/show - at 24/6/2023 - 16:35:47
[24/6/2023-16:35:47] - [24/6/2023-16:35:47] - Logger Info : policies: USER -user: USER url: /show. 
[24/6/2023-16:35:49] - Midleware file. Level: info GET en /users - at 24/6/2023 - 16:35:49
[24/6/2023-16:35:52] - Midleware file. Level: info GET en /users/logout - at 24/6/2023 - 16:35:52
[24/6/2023-16:35:52] - Midleware file. Level: info GET en /users/login - at 24/6/2023 - 16:35:52
[24/6/2023-16:35:52] - Midleware file. Level: info GET en /js/loginjwt.js - at 24/6/2023 - 16:35:52
[24/6/2023-16:48:07] - Midleware file. Level: info GET en /users/login - at 24/6/2023 - 16:48:07
[24/6/2023-16:48:07] - Midleware file. Level: info GET en /js/loginjwt.js - at 24/6/2023 - 16:48:07
[24/6/2023-16:48:08] - Midleware file. Level: info GET en /favicon.ico - at 24/6/2023 - 16:48:08
[24/6/2023-17:07:03] - Midleware file. Level: info POST en /api/jwt/current - at 24/6/2023 - 17:07:03
[24/6/2023-17:07:03] - Midleware file. Level: info GET en /users - at 24/6/2023 - 17:07:03
[24/6/2023-17:07:06] - Midleware file. Level: info GET en /menu/logger/ - at 24/6/2023 - 17:07:06
[24/6/2023-17:07:06] - [24/6/2023-17:07:06] - Logger Info : policies: USER,ADMIN -user: USER url: /logger/. 
[24/6/2023-17:07:06] -  Prueba EndPoint Logger test : level: info - method: GET url: /logger/. 
[24/6/2023-17:07:07] - Midleware file. Level: info GET en /users - at 24/6/2023 - 17:07:07
[24/6/2023-17:20:56] - Midleware file. Level: info GET en / - at 24/6/2023 - 17:20:56
[24/6/2023-17:20:56] - Midleware file. Level: info GET en /login - at 24/6/2023 - 17:20:56
[24/6/2023-17:20:56] - Midleware file. Level: info GET en /js/loginjwt.js - at 24/6/2023 - 17:20:56
[24/6/2023-17:21:00] - Midleware file. Level: info POST en /api/jwt/current - at 24/6/2023 - 17:21:00
[24/6/2023-17:21:00] - Midleware file. Level: info GET en /users - at 24/6/2023 - 17:21:00
[24/6/2023-17:21:04] - Midleware file. Level: info GET en /products/realTimeCarts/ - at 24/6/2023 - 17:21:04
[24/6/2023-17:21:04] - [24/6/2023-17:21:04] - Logger Info : policies: USER,ADMIN -user: USER url: /realTimeCarts/. 
[24/6/2023-17:21:10] - Midleware file. Level: info POST en /products/realTimeCarts/add - at 24/6/2023 - 17:21:10
[24/6/2023-17:21:10] - [24/6/2023-17:21:10] - Logger Info : policies: USER -user: USER url: /realTimeCarts/add. 
[24/6/2023-17:21:11] - Midleware file. Level: info GET en /products/realTimeCarts/ - at 24/6/2023 - 17:21:11
[24/6/2023-17:21:11] - [24/6/2023-17:21:11] - Logger Info : policies: USER,ADMIN -user: USER url: /realTimeCarts/. 
[24/6/2023-17:21:16] - Midleware file. Level: info POST en /products/realTimeCarts/add - at 24/6/2023 - 17:21:16
[24/6/2023-17:21:16] - [24/6/2023-17:21:16] - Logger Info : policies: USER -user: USER url: /realTimeCarts/add. 
[24/6/2023-17:21:16] - Midleware file. Level: info GET en /products/realTimeCarts/ - at 24/6/2023 - 17:21:16
[24/6/2023-17:21:16] - [24/6/2023-17:21:16] - Logger Info : policies: USER,ADMIN -user: USER url: /realTimeCarts/. 
[24/6/2023-17:21:21] - Midleware file. Level: info POST en /products/realTimeCarts/add - at 24/6/2023 - 17:21:21
[24/6/2023-17:21:21] - [24/6/2023-17:21:21] - Logger Info : policies: USER -user: USER url: /realTimeCarts/add. 
[24/6/2023-17:21:22] - Midleware file. Level: info GET en /products/realTimeCarts/ - at 24/6/2023 - 17:21:22
[24/6/2023-17:21:22] - [24/6/2023-17:21:22] - Logger Info : policies: USER,ADMIN -user: USER url: /realTimeCarts/. 
[24/6/2023-17:21:24] - Midleware file. Level: info POST en /products/realTimeCarts/purchase - at 24/6/2023 - 17:21:24
[24/6/2023-17:21:24] - [24/6/2023-17:21:24] - Logger Info : policies: USER -user: USER url: /realTimeCarts/purchase. 
[24/6/2023-17:21:25] - Midleware file. Level: info GET en /products/realTimeCarts/ - at 24/6/2023 - 17:21:25
[24/6/2023-17:21:25] - [24/6/2023-17:21:25] - Logger Info : policies: USER,ADMIN -user: USER url: /realTimeCarts/. 
[24/6/2023-17:21:35] - Midleware file. Level: info GET en /users - at 24/6/2023 - 17:21:35
[24/6/2023-17:21:38] - Midleware file. Level: info GET en /menu/logger/ - at 24/6/2023 - 17:21:38
[24/6/2023-17:21:38] - [24/6/2023-17:21:38] - Logger Info : policies: USER,ADMIN -user: USER url: /logger/. 
[24/6/2023-17:21:38] -  Prueba EndPoint Logger test : level: info - method: GET url: /logger/. 
[24/6/2023-17:21:40] - Midleware file. Level: info GET en /users - at 24/6/2023 - 17:21:40
[24/6/2023-17:21:44] - Midleware file. Level: info GET en /users/logout - at 24/6/2023 - 17:21:44
[24/6/2023-17:21:44] - Midleware file. Level: info GET en /users/login - at 24/6/2023 - 17:21:44
[24/6/2023-17:21:44] - Midleware file. Level: info GET en /js/loginjwt.js - at 24/6/2023 - 17:21:44
[24/6/2023-17:23:14] - Midleware file. Level: info POST en /api/jwt/current - at 24/6/2023 - 17:23:14
[24/6/2023-17:23:14] - Midleware file. Level: info GET en /users - at 24/6/2023 - 17:23:14
[24/6/2023-17:23:19] - Midleware file. Level: info GET en /products/realTimeCarts/ - at 24/6/2023 - 17:23:19
[24/6/2023-17:23:19] - [24/6/2023-17:23:19] - Logger Info : policies: USER,ADMIN -user: USER url: /realTimeCarts/. 
[24/6/2023-17:23:27] - Midleware file. Level: info POST en /products/realTimeCarts/add - at 24/6/2023 - 17:23:27
[24/6/2023-17:23:27] - [24/6/2023-17:23:27] - Logger Info : policies: USER -user: USER url: /realTimeCarts/add. 
[24/6/2023-17:23:28] - Midleware file. Level: info GET en /products/realTimeCarts/ - at 24/6/2023 - 17:23:28
[24/6/2023-17:23:28] - [24/6/2023-17:23:28] - Logger Info : policies: USER,ADMIN -user: USER url: /realTimeCarts/. 
[24/6/2023-17:23:36] - Midleware file. Level: info POST en /products/realTimeCarts/add - at 24/6/2023 - 17:23:36
[24/6/2023-17:23:36] - [24/6/2023-17:23:36] - Logger Info : policies: USER -user: USER url: /realTimeCarts/add. 
[24/6/2023-17:23:36] - Midleware file. Level: info GET en /products/realTimeCarts/ - at 24/6/2023 - 17:23:36
[24/6/2023-17:23:36] - [24/6/2023-17:23:36] - Logger Info : policies: USER,ADMIN -user: USER url: /realTimeCarts/. 
[24/6/2023-17:23:39] - Midleware file. Level: info POST en /products/realTimeCarts/purchase - at 24/6/2023 - 17:23:39
[24/6/2023-17:23:39] - [24/6/2023-17:23:39] - Logger Info : policies: USER -user: USER url: /realTimeCarts/purchase. 
[24/6/2023-17:23:39] - Midleware file. Level: info GET en /products/realTimeCarts/ - at 24/6/2023 - 17:23:39
[24/6/2023-17:23:39] - [24/6/2023-17:23:39] - Logger Info : policies: USER,ADMIN -user: USER url: /realTimeCarts/. 
[24/6/2023-17:25:41] - Midleware file. Level: info GET en /favicon.ico - at 24/6/2023 - 17:25:41
[24/6/2023-17:25:44] - Midleware file. Level: info GET en /users - at 24/6/2023 - 17:25:44
[24/6/2023-17:25:49] - Midleware file. Level: info GET en /products/realTimeCarts/ - at 24/6/2023 - 17:25:49
[24/6/2023-17:25:49] - [24/6/2023-17:25:49] - Logger Info : policies: USER,ADMIN -user: USER url: /realTimeCarts/. 
[24/6/2023-17:25:55] - Midleware file. Level: info POST en /products/realTimeCarts/add - at 24/6/2023 - 17:25:55
[24/6/2023-17:25:55] - [24/6/2023-17:25:55] - Logger Info : policies: USER -user: USER url: /realTimeCarts/add. 
[24/6/2023-17:25:56] - Midleware file. Level: info GET en /products/realTimeCarts/ - at 24/6/2023 - 17:25:56
[24/6/2023-17:25:56] - [24/6/2023-17:25:56] - Logger Info : policies: USER,ADMIN -user: USER url: /realTimeCarts/. 
[24/6/2023-17:26:02] - Midleware file. Level: info POST en /products/realTimeCarts/add - at 24/6/2023 - 17:26:02
[24/6/2023-17:26:02] - [24/6/2023-17:26:02] - Logger Info : policies: USER -user: USER url: /realTimeCarts/add. 
[24/6/2023-17:26:02] - Midleware file. Level: info GET en /products/realTimeCarts/ - at 24/6/2023 - 17:26:02
[24/6/2023-17:26:02] - [24/6/2023-17:26:02] - Logger Info : policies: USER,ADMIN -user: USER url: /realTimeCarts/. 
[24/6/2023-17:26:03] - Midleware file. Level: info POST en /products/realTimeCarts/purchase - at 24/6/2023 - 17:26:03
[24/6/2023-17:26:03] - [24/6/2023-17:26:03] - Logger Info : policies: USER -user: USER url: /realTimeCarts/purchase. 
[24/6/2023-17:26:04] - Midleware file. Level: info GET en /products/realTimeCarts/ - at 24/6/2023 - 17:26:04
[24/6/2023-17:26:04] - [24/6/2023-17:26:04] - Logger Info : policies: USER,ADMIN -user: USER url: /realTimeCarts/. 
[24/6/2023-17:28:12] - Midleware file. Level: info GET en /favicon.ico - at 24/6/2023 - 17:28:12
[24/6/2023-17:28:15] - Midleware file. Level: info POST en /products/realTimeCarts/purchase - at 24/6/2023 - 17:28:15
[24/6/2023-17:28:15] - [24/6/2023-17:28:15] - Logger Info : policies: USER -user: USER url: /realTimeCarts/purchase. 
[24/6/2023-17:28:15] - Midleware file. Level: info GET en /products/realTimeCarts/ - at 24/6/2023 - 17:28:15
[24/6/2023-17:28:15] - [24/6/2023-17:28:15] - Logger Info : policies: USER,ADMIN -user: USER url: /realTimeCarts/. 
[24/6/2023-17:32:20] - Midleware file. Level: info GET en /favicon.ico - at 24/6/2023 - 17:32:20
[24/6/2023-17:32:22] - Midleware file. Level: info POST en /products/realTimeCarts/purchase - at 24/6/2023 - 17:32:22
[24/6/2023-17:32:22] - [24/6/2023-17:32:22] - Logger Info : policies: USER -user: USER url: /realTimeCarts/purchase. 
[24/6/2023-17:32:22] - Midleware file. Level: info GET en /products/realTimeCarts/ - at 24/6/2023 - 17:32:22
[24/6/2023-17:32:22] - [24/6/2023-17:32:22] - Logger Info : policies: USER,ADMIN -user: USER url: /realTimeCarts/. 
[24/6/2023-17:32:48] - Midleware file. Level: info GET en /favicon.ico - at 24/6/2023 - 17:32:48
[24/6/2023-17:32:50] - Midleware file. Level: info GET en /users - at 24/6/2023 - 17:32:50
[24/6/2023-17:32:55] - Midleware file. Level: info GET en /api/tickets/show - at 24/6/2023 - 17:32:55
[24/6/2023-17:32:56] - [24/6/2023-17:32:56] - Logger Info : policies: USER -user: USER url: /show. 
[24/6/2023-17:32:58] - Midleware file. Level: info GET en /users - at 24/6/2023 - 17:32:58
[24/6/2023-17:33:01] - Midleware file. Level: info GET en /products/realTimeCarts/ - at 24/6/2023 - 17:33:01
[24/6/2023-17:33:01] - [24/6/2023-17:33:01] - Logger Info : policies: USER,ADMIN -user: USER url: /realTimeCarts/. 
[24/6/2023-17:33:06] - Midleware file. Level: info POST en /products/realTimeCarts/add - at 24/6/2023 - 17:33:06
[24/6/2023-17:33:06] - [24/6/2023-17:33:06] - Logger Info : policies: USER -user: USER url: /realTimeCarts/add. 
[24/6/2023-17:33:07] - Midleware file. Level: info GET en /products/realTimeCarts/ - at 24/6/2023 - 17:33:07
[24/6/2023-17:33:07] - [24/6/2023-17:33:07] - Logger Info : policies: USER,ADMIN -user: USER url: /realTimeCarts/. 
[24/6/2023-17:33:11] - Midleware file. Level: info POST en /products/realTimeCarts/add - at 24/6/2023 - 17:33:11
[24/6/2023-17:33:11] - [24/6/2023-17:33:11] - Logger Info : policies: USER -user: USER url: /realTimeCarts/add. 
[24/6/2023-17:33:11] - Midleware file. Level: info GET en /products/realTimeCarts/ - at 24/6/2023 - 17:33:11
[24/6/2023-17:33:11] - [24/6/2023-17:33:11] - Logger Info : policies: USER,ADMIN -user: USER url: /realTimeCarts/. 
[24/6/2023-17:33:12] - Midleware file. Level: info POST en /products/realTimeCarts/purchase - at 24/6/2023 - 17:33:12
[24/6/2023-17:33:12] - [24/6/2023-17:33:12] - Logger Info : policies: USER -user: USER url: /realTimeCarts/purchase. 
[24/6/2023-17:33:13] - Midleware file. Level: info GET en /products/realTimeCarts/ - at 24/6/2023 - 17:33:13
[24/6/2023-17:33:13] - [24/6/2023-17:33:13] - Logger Info : policies: USER,ADMIN -user: USER url: /realTimeCarts/. 
[24/6/2023-17:34:25] - Midleware file. Level: info GET en /users/logout - at 24/6/2023 - 17:34:25
[24/6/2023-17:34:25] - Midleware file. Level: info GET en /users/login - at 24/6/2023 - 17:34:25
[24/6/2023-17:34:25] - Midleware file. Level: info GET en /js/loginjwt.js - at 24/6/2023 - 17:34:25
